<?xml version="1.0" encoding="UTF-8"?>
<testsuite xmlns:xsi="http://www.w3.org/2001/XMLSchema-instance" xsi:noNamespaceSchemaLocation="https://maven.apache.org/surefire/maven-surefire-plugin/xsd/surefire-test-report-3.0.xsd" version="3.0" name="br.com.carvalho.CarvalhoAtelieAdm.repository.ProdutoRepositoryIntegrationTest" time="4.333" tests="6" errors="0" skipped="0" failures="0">
  <properties>
    <property name="java.specification.version" value="17"/>
    <property name="sun.cpu.isalist" value="amd64"/>
    <property name="sun.jnu.encoding" value="Cp1252"/>
    <property name="java.class.path" value="C:\Users\rityn\Desktop\API_Carvalho_Atelie\CarvalhoAtelie_API_ADM\target\test-classes;C:\Users\rityn\Desktop\API_Carvalho_Atelie\CarvalhoAtelie_API_ADM\target\classes;C:\Users\rityn\.m2\repository\org\springframework\boot\spring-boot-starter-actuator\3.1.5\spring-boot-starter-actuator-3.1.5.jar;C:\Users\rityn\.m2\repository\org\springframework\boot\spring-boot-starter\3.1.5\spring-boot-starter-3.1.5.jar;C:\Users\rityn\.m2\repository\org\springframework\boot\spring-boot\3.1.5\spring-boot-3.1.5.jar;C:\Users\rityn\.m2\repository\org\springframework\boot\spring-boot-autoconfigure\3.1.5\spring-boot-autoconfigure-3.1.5.jar;C:\Users\rityn\.m2\repository\org\springframework\boot\spring-boot-starter-logging\3.1.5\spring-boot-starter-logging-3.1.5.jar;C:\Users\rityn\.m2\repository\ch\qos\logback\logback-classic\1.4.11\logback-classic-1.4.11.jar;C:\Users\rityn\.m2\repository\ch\qos\logback\logback-core\1.4.11\logback-core-1.4.11.jar;C:\Users\rityn\.m2\repository\org\apache\logging\log4j\log4j-to-slf4j\2.20.0\log4j-to-slf4j-2.20.0.jar;C:\Users\rityn\.m2\repository\org\apache\logging\log4j\log4j-api\2.20.0\log4j-api-2.20.0.jar;C:\Users\rityn\.m2\repository\org\slf4j\jul-to-slf4j\2.0.9\jul-to-slf4j-2.0.9.jar;C:\Users\rityn\.m2\repository\jakarta\annotation\jakarta.annotation-api\2.1.1\jakarta.annotation-api-2.1.1.jar;C:\Users\rityn\.m2\repository\org\yaml\snakeyaml\1.33\snakeyaml-1.33.jar;C:\Users\rityn\.m2\repository\org\springframework\boot\spring-boot-actuator-autoconfigure\3.1.5\spring-boot-actuator-autoconfigure-3.1.5.jar;C:\Users\rityn\.m2\repository\org\springframework\boot\spring-boot-actuator\3.1.5\spring-boot-actuator-3.1.5.jar;C:\Users\rityn\.m2\repository\com\fasterxml\jackson\datatype\jackson-datatype-jsr310\2.15.3\jackson-datatype-jsr310-2.15.3.jar;C:\Users\rityn\.m2\repository\io\micrometer\micrometer-observation\1.11.5\micrometer-observation-1.11.5.jar;C:\Users\rityn\.m2\repository\io\micrometer\micrometer-commons\1.11.5\micrometer-commons-1.11.5.jar;C:\Users\rityn\.m2\repository\io\micrometer\micrometer-core\1.11.5\micrometer-core-1.11.5.jar;C:\Users\rityn\.m2\repository\org\hdrhistogram\HdrHistogram\2.1.12\HdrHistogram-2.1.12.jar;C:\Users\rityn\.m2\repository\org\latencyutils\LatencyUtils\2.0.3\LatencyUtils-2.0.3.jar;C:\Users\rityn\.m2\repository\org\springframework\boot\spring-boot-starter-data-jpa\3.1.5\spring-boot-starter-data-jpa-3.1.5.jar;C:\Users\rityn\.m2\repository\org\springframework\boot\spring-boot-starter-aop\3.1.5\spring-boot-starter-aop-3.1.5.jar;C:\Users\rityn\.m2\repository\org\aspectj\aspectjweaver\1.9.20\aspectjweaver-1.9.20.jar;C:\Users\rityn\.m2\repository\org\springframework\boot\spring-boot-starter-jdbc\3.1.5\spring-boot-starter-jdbc-3.1.5.jar;C:\Users\rityn\.m2\repository\com\zaxxer\HikariCP\5.0.1\HikariCP-5.0.1.jar;C:\Users\rityn\.m2\repository\org\springframework\spring-jdbc\6.0.13\spring-jdbc-6.0.13.jar;C:\Users\rityn\.m2\repository\org\hibernate\orm\hibernate-core\6.2.13.Final\hibernate-core-6.2.13.Final.jar;C:\Users\rityn\.m2\repository\jakarta\persistence\jakarta.persistence-api\3.1.0\jakarta.persistence-api-3.1.0.jar;C:\Users\rityn\.m2\repository\jakarta\transaction\jakarta.transaction-api\2.0.1\jakarta.transaction-api-2.0.1.jar;C:\Users\rityn\.m2\repository\org\jboss\logging\jboss-logging\3.5.3.Final\jboss-logging-3.5.3.Final.jar;C:\Users\rityn\.m2\repository\org\hibernate\common\hibernate-commons-annotations\6.0.6.Final\hibernate-commons-annotations-6.0.6.Final.jar;C:\Users\rityn\.m2\repository\io\smallrye\jandex\3.0.5\jandex-3.0.5.jar;C:\Users\rityn\.m2\repository\com\fasterxml\classmate\1.5.1\classmate-1.5.1.jar;C:\Users\rityn\.m2\repository\net\bytebuddy\byte-buddy\1.14.9\byte-buddy-1.14.9.jar;C:\Users\rityn\.m2\repository\org\glassfish\jaxb\jaxb-runtime\4.0.3\jaxb-runtime-4.0.3.jar;C:\Users\rityn\.m2\repository\org\glassfish\jaxb\jaxb-core\4.0.3\jaxb-core-4.0.3.jar;C:\Users\rityn\.m2\repository\org\eclipse\angus\angus-activation\2.0.1\angus-activation-2.0.1.jar;C:\Users\rityn\.m2\repository\org\glassfish\jaxb\txw2\4.0.3\txw2-4.0.3.jar;C:\Users\rityn\.m2\repository\com\sun\istack\istack-commons-runtime\4.1.2\istack-commons-runtime-4.1.2.jar;C:\Users\rityn\.m2\repository\jakarta\inject\jakarta.inject-api\2.0.1\jakarta.inject-api-2.0.1.jar;C:\Users\rityn\.m2\repository\org\antlr\antlr4-runtime\4.10.1\antlr4-runtime-4.10.1.jar;C:\Users\rityn\.m2\repository\org\springframework\data\spring-data-jpa\3.1.5\spring-data-jpa-3.1.5.jar;C:\Users\rityn\.m2\repository\org\springframework\data\spring-data-commons\3.1.5\spring-data-commons-3.1.5.jar;C:\Users\rityn\.m2\repository\org\springframework\spring-orm\6.0.13\spring-orm-6.0.13.jar;C:\Users\rityn\.m2\repository\org\springframework\spring-context\6.0.13\spring-context-6.0.13.jar;C:\Users\rityn\.m2\repository\org\springframework\spring-tx\6.0.13\spring-tx-6.0.13.jar;C:\Users\rityn\.m2\repository\org\springframework\spring-beans\6.0.13\spring-beans-6.0.13.jar;C:\Users\rityn\.m2\repository\org\slf4j\slf4j-api\2.0.9\slf4j-api-2.0.9.jar;C:\Users\rityn\.m2\repository\org\springframework\spring-aspects\6.0.13\spring-aspects-6.0.13.jar;C:\Users\rityn\.m2\repository\org\springframework\boot\spring-boot-starter-security\3.1.5\spring-boot-starter-security-3.1.5.jar;C:\Users\rityn\.m2\repository\org\springframework\spring-aop\6.0.13\spring-aop-6.0.13.jar;C:\Users\rityn\.m2\repository\org\springframework\security\spring-security-config\6.1.5\spring-security-config-6.1.5.jar;C:\Users\rityn\.m2\repository\org\springframework\security\spring-security-web\6.1.5\spring-security-web-6.1.5.jar;C:\Users\rityn\.m2\repository\org\springframework\spring-expression\6.0.13\spring-expression-6.0.13.jar;C:\Users\rityn\.m2\repository\org\springframework\boot\spring-boot-starter-validation\3.1.5\spring-boot-starter-validation-3.1.5.jar;C:\Users\rityn\.m2\repository\org\apache\tomcat\embed\tomcat-embed-el\10.1.15\tomcat-embed-el-10.1.15.jar;C:\Users\rityn\.m2\repository\org\hibernate\validator\hibernate-validator\8.0.1.Final\hibernate-validator-8.0.1.Final.jar;C:\Users\rityn\.m2\repository\jakarta\validation\jakarta.validation-api\3.0.2\jakarta.validation-api-3.0.2.jar;C:\Users\rityn\.m2\repository\org\springframework\boot\spring-boot-starter-web\3.1.5\spring-boot-starter-web-3.1.5.jar;C:\Users\rityn\.m2\repository\org\springframework\boot\spring-boot-starter-json\3.1.5\spring-boot-starter-json-3.1.5.jar;C:\Users\rityn\.m2\repository\com\fasterxml\jackson\datatype\jackson-datatype-jdk8\2.15.3\jackson-datatype-jdk8-2.15.3.jar;C:\Users\rityn\.m2\repository\com\fasterxml\jackson\module\jackson-module-parameter-names\2.15.3\jackson-module-parameter-names-2.15.3.jar;C:\Users\rityn\.m2\repository\org\springframework\boot\spring-boot-starter-tomcat\3.1.5\spring-boot-starter-tomcat-3.1.5.jar;C:\Users\rityn\.m2\repository\org\apache\tomcat\embed\tomcat-embed-core\10.1.15\tomcat-embed-core-10.1.15.jar;C:\Users\rityn\.m2\repository\org\apache\tomcat\embed\tomcat-embed-websocket\10.1.15\tomcat-embed-websocket-10.1.15.jar;C:\Users\rityn\.m2\repository\org\springframework\spring-web\6.0.13\spring-web-6.0.13.jar;C:\Users\rityn\.m2\repository\org\springframework\spring-webmvc\6.0.13\spring-webmvc-6.0.13.jar;C:\Users\rityn\.m2\repository\org\postgresql\postgresql\42.6.0\postgresql-42.6.0.jar;C:\Users\rityn\.m2\repository\org\checkerframework\checker-qual\3.31.0\checker-qual-3.31.0.jar;C:\Users\rityn\.m2\repository\org\projectlombok\lombok\1.18.30\lombok-1.18.30.jar;C:\Users\rityn\.m2\repository\org\springframework\boot\spring-boot-starter-test\3.1.5\spring-boot-starter-test-3.1.5.jar;C:\Users\rityn\.m2\repository\org\springframework\boot\spring-boot-test\3.1.5\spring-boot-test-3.1.5.jar;C:\Users\rityn\.m2\repository\org\springframework\boot\spring-boot-test-autoconfigure\3.1.5\spring-boot-test-autoconfigure-3.1.5.jar;C:\Users\rityn\.m2\repository\com\jayway\jsonpath\json-path\2.8.0\json-path-2.8.0.jar;C:\Users\rityn\.m2\repository\jakarta\xml\bind\jakarta.xml.bind-api\4.0.1\jakarta.xml.bind-api-4.0.1.jar;C:\Users\rityn\.m2\repository\jakarta\activation\jakarta.activation-api\2.1.2\jakarta.activation-api-2.1.2.jar;C:\Users\rityn\.m2\repository\net\minidev\json-smart\2.4.11\json-smart-2.4.11.jar;C:\Users\rityn\.m2\repository\net\minidev\accessors-smart\2.4.11\accessors-smart-2.4.11.jar;C:\Users\rityn\.m2\repository\org\ow2\asm\asm\9.3\asm-9.3.jar;C:\Users\rityn\.m2\repository\org\assertj\assertj-core\3.24.2\assertj-core-3.24.2.jar;C:\Users\rityn\.m2\repository\org\hamcrest\hamcrest\2.2\hamcrest-2.2.jar;C:\Users\rityn\.m2\repository\org\junit\jupiter\junit-jupiter\5.9.3\junit-jupiter-5.9.3.jar;C:\Users\rityn\.m2\repository\org\junit\jupiter\junit-jupiter-api\5.9.3\junit-jupiter-api-5.9.3.jar;C:\Users\rityn\.m2\repository\org\opentest4j\opentest4j\1.2.0\opentest4j-1.2.0.jar;C:\Users\rityn\.m2\repository\org\junit\platform\junit-platform-commons\1.9.3\junit-platform-commons-1.9.3.jar;C:\Users\rityn\.m2\repository\org\apiguardian\apiguardian-api\1.1.2\apiguardian-api-1.1.2.jar;C:\Users\rityn\.m2\repository\org\junit\jupiter\junit-jupiter-params\5.9.3\junit-jupiter-params-5.9.3.jar;C:\Users\rityn\.m2\repository\org\junit\jupiter\junit-jupiter-engine\5.9.3\junit-jupiter-engine-5.9.3.jar;C:\Users\rityn\.m2\repository\org\junit\platform\junit-platform-engine\1.9.3\junit-platform-engine-1.9.3.jar;C:\Users\rityn\.m2\repository\org\mockito\mockito-core\5.3.1\mockito-core-5.3.1.jar;C:\Users\rityn\.m2\repository\net\bytebuddy\byte-buddy-agent\1.14.9\byte-buddy-agent-1.14.9.jar;C:\Users\rityn\.m2\repository\org\objenesis\objenesis\3.3\objenesis-3.3.jar;C:\Users\rityn\.m2\repository\org\mockito\mockito-junit-jupiter\5.3.1\mockito-junit-jupiter-5.3.1.jar;C:\Users\rityn\.m2\repository\org\skyscreamer\jsonassert\1.5.1\jsonassert-1.5.1.jar;C:\Users\rityn\.m2\repository\com\vaadin\external\google\android-json\0.0.20131108.vaadin1\android-json-0.0.20131108.vaadin1.jar;C:\Users\rityn\.m2\repository\org\springframework\spring-core\6.0.13\spring-core-6.0.13.jar;C:\Users\rityn\.m2\repository\org\springframework\spring-jcl\6.0.13\spring-jcl-6.0.13.jar;C:\Users\rityn\.m2\repository\org\springframework\spring-test\6.0.13\spring-test-6.0.13.jar;C:\Users\rityn\.m2\repository\org\xmlunit\xmlunit-core\2.9.1\xmlunit-core-2.9.1.jar;C:\Users\rityn\.m2\repository\org\springframework\security\spring-security-test\6.1.5\spring-security-test-6.1.5.jar;C:\Users\rityn\.m2\repository\org\springframework\security\spring-security-core\6.1.5\spring-security-core-6.1.5.jar;C:\Users\rityn\.m2\repository\org\springframework\security\spring-security-crypto\6.1.5\spring-security-crypto-6.1.5.jar;C:\Users\rityn\.m2\repository\io\jsonwebtoken\jjwt-api\0.12.6\jjwt-api-0.12.6.jar;C:\Users\rityn\.m2\repository\io\jsonwebtoken\jjwt-impl\0.12.6\jjwt-impl-0.12.6.jar;C:\Users\rityn\.m2\repository\io\jsonwebtoken\jjwt-jackson\0.12.6\jjwt-jackson-0.12.6.jar;C:\Users\rityn\.m2\repository\com\cloudinary\cloudinary-http44\1.33.0\cloudinary-http44-1.33.0.jar;C:\Users\rityn\.m2\repository\com\cloudinary\cloudinary-core\1.33.0\cloudinary-core-1.33.0.jar;C:\Users\rityn\.m2\repository\org\apache\commons\commons-lang3\3.12.0\commons-lang3-3.12.0.jar;C:\Users\rityn\.m2\repository\org\apache\httpcomponents\httpclient\4.4\httpclient-4.4.jar;C:\Users\rityn\.m2\repository\org\apache\httpcomponents\httpcore\4.4.16\httpcore-4.4.16.jar;C:\Users\rityn\.m2\repository\commons-logging\commons-logging\1.2\commons-logging-1.2.jar;C:\Users\rityn\.m2\repository\commons-codec\commons-codec\1.15\commons-codec-1.15.jar;C:\Users\rityn\.m2\repository\org\apache\httpcomponents\httpmime\4.4\httpmime-4.4.jar;C:\Users\rityn\.m2\repository\com\fasterxml\jackson\core\jackson-databind\2.15.3\jackson-databind-2.15.3.jar;C:\Users\rityn\.m2\repository\com\fasterxml\jackson\core\jackson-annotations\2.15.3\jackson-annotations-2.15.3.jar;C:\Users\rityn\.m2\repository\com\fasterxml\jackson\core\jackson-core\2.15.3\jackson-core-2.15.3.jar;C:\Users\rityn\.m2\repository\org\springframework\boot\spring-boot-starter-data-redis\3.1.5\spring-boot-starter-data-redis-3.1.5.jar;C:\Users\rityn\.m2\repository\org\springframework\data\spring-data-redis\3.1.5\spring-data-redis-3.1.5.jar;C:\Users\rityn\.m2\repository\org\springframework\data\spring-data-keyvalue\3.1.5\spring-data-keyvalue-3.1.5.jar;C:\Users\rityn\.m2\repository\org\springframework\spring-oxm\6.0.13\spring-oxm-6.0.13.jar;C:\Users\rityn\.m2\repository\org\springframework\spring-context-support\6.0.13\spring-context-support-6.0.13.jar;C:\Users\rityn\.m2\repository\io\lettuce\lettuce-core\6.2.6.RELEASE\lettuce-core-6.2.6.RELEASE.jar;C:\Users\rityn\.m2\repository\io\netty\netty-common\4.1.100.Final\netty-common-4.1.100.Final.jar;C:\Users\rityn\.m2\repository\io\netty\netty-handler\4.1.100.Final\netty-handler-4.1.100.Final.jar;C:\Users\rityn\.m2\repository\io\netty\netty-resolver\4.1.100.Final\netty-resolver-4.1.100.Final.jar;C:\Users\rityn\.m2\repository\io\netty\netty-buffer\4.1.100.Final\netty-buffer-4.1.100.Final.jar;C:\Users\rityn\.m2\repository\io\netty\netty-transport-native-unix-common\4.1.100.Final\netty-transport-native-unix-common-4.1.100.Final.jar;C:\Users\rityn\.m2\repository\io\netty\netty-codec\4.1.100.Final\netty-codec-4.1.100.Final.jar;C:\Users\rityn\.m2\repository\io\netty\netty-transport\4.1.100.Final\netty-transport-4.1.100.Final.jar;C:\Users\rityn\.m2\repository\io\projectreactor\reactor-core\3.5.11\reactor-core-3.5.11.jar;C:\Users\rityn\.m2\repository\org\reactivestreams\reactive-streams\1.0.4\reactive-streams-1.0.4.jar;C:\Users\rityn\.m2\repository\com\h2database\h2\2.1.214\h2-2.1.214.jar;C:\Users\rityn\.m2\repository\org\springdoc\springdoc-openapi-starter-webmvc-ui\2.1.0\springdoc-openapi-starter-webmvc-ui-2.1.0.jar;C:\Users\rityn\.m2\repository\org\springdoc\springdoc-openapi-starter-webmvc-api\2.1.0\springdoc-openapi-starter-webmvc-api-2.1.0.jar;C:\Users\rityn\.m2\repository\org\springdoc\springdoc-openapi-starter-common\2.1.0\springdoc-openapi-starter-common-2.1.0.jar;C:\Users\rityn\.m2\repository\io\swagger\core\v3\swagger-core-jakarta\2.2.9\swagger-core-jakarta-2.2.9.jar;C:\Users\rityn\.m2\repository\io\swagger\core\v3\swagger-annotations-jakarta\2.2.9\swagger-annotations-jakarta-2.2.9.jar;C:\Users\rityn\.m2\repository\io\swagger\core\v3\swagger-models-jakarta\2.2.9\swagger-models-jakarta-2.2.9.jar;C:\Users\rityn\.m2\repository\com\fasterxml\jackson\dataformat\jackson-dataformat-yaml\2.15.3\jackson-dataformat-yaml-2.15.3.jar;C:\Users\rityn\.m2\repository\org\webjars\swagger-ui\4.18.2\swagger-ui-4.18.2.jar;C:\Users\rityn\.m2\repository\org\springdoc\springdoc-openapi-ui\1.6.14\springdoc-openapi-ui-1.6.14.jar;C:\Users\rityn\.m2\repository\org\springdoc\springdoc-openapi-webmvc-core\1.6.14\springdoc-openapi-webmvc-core-1.6.14.jar;C:\Users\rityn\.m2\repository\org\springdoc\springdoc-openapi-common\1.6.14\springdoc-openapi-common-1.6.14.jar;C:\Users\rityn\.m2\repository\io\swagger\core\v3\swagger-core\2.2.7\swagger-core-2.2.7.jar;C:\Users\rityn\.m2\repository\io\swagger\core\v3\swagger-annotations\2.2.7\swagger-annotations-2.2.7.jar;C:\Users\rityn\.m2\repository\io\swagger\core\v3\swagger-models\2.2.7\swagger-models-2.2.7.jar;C:\Users\rityn\.m2\repository\org\webjars\webjars-locator-core\0.52\webjars-locator-core-0.52.jar;C:\Users\rityn\.m2\repository\io\github\classgraph\classgraph\4.8.149\classgraph-4.8.149.jar;"/>
    <property name="java.vm.vendor" value="Oracle Corporation"/>
    <property name="sun.arch.data.model" value="64"/>
    <property name="user.variant" value=""/>
    <property name="java.vendor.url" value="https://java.oracle.com/"/>
    <property name="user.timezone" value="America/Sao_Paulo"/>
    <property name="org.jboss.logging.provider" value="slf4j"/>
    <property name="os.name" value="Windows 11"/>
    <property name="java.vm.specification.version" value="17"/>
    <property name="sun.java.launcher" value="SUN_STANDARD"/>
    <property name="user.country" value="BR"/>
    <property name="sun.boot.library.path" value="C:\Program Files\Java\jdk-17\bin"/>
    <property name="sun.java.command" value="C:\Users\rityn\AppData\Local\Temp\surefire4851443055650034272\surefirebooter-20240929194054081_3.jar C:\Users\rityn\AppData\Local\Temp\surefire4851443055650034272 2024-09-29T19-40-53_038-jvmRun1 surefire-20240929194054081_1tmp surefire_0-20240929194054081_2tmp"/>
    <property name="jdk.debug" value="release"/>
    <property name="surefire.test.class.path" value="C:\Users\rityn\Desktop\API_Carvalho_Atelie\CarvalhoAtelie_API_ADM\target\test-classes;C:\Users\rityn\Desktop\API_Carvalho_Atelie\CarvalhoAtelie_API_ADM\target\classes;C:\Users\rityn\.m2\repository\org\springframework\boot\spring-boot-starter-actuator\3.1.5\spring-boot-starter-actuator-3.1.5.jar;C:\Users\rityn\.m2\repository\org\springframework\boot\spring-boot-starter\3.1.5\spring-boot-starter-3.1.5.jar;C:\Users\rityn\.m2\repository\org\springframework\boot\spring-boot\3.1.5\spring-boot-3.1.5.jar;C:\Users\rityn\.m2\repository\org\springframework\boot\spring-boot-autoconfigure\3.1.5\spring-boot-autoconfigure-3.1.5.jar;C:\Users\rityn\.m2\repository\org\springframework\boot\spring-boot-starter-logging\3.1.5\spring-boot-starter-logging-3.1.5.jar;C:\Users\rityn\.m2\repository\ch\qos\logback\logback-classic\1.4.11\logback-classic-1.4.11.jar;C:\Users\rityn\.m2\repository\ch\qos\logback\logback-core\1.4.11\logback-core-1.4.11.jar;C:\Users\rityn\.m2\repository\org\apache\logging\log4j\log4j-to-slf4j\2.20.0\log4j-to-slf4j-2.20.0.jar;C:\Users\rityn\.m2\repository\org\apache\logging\log4j\log4j-api\2.20.0\log4j-api-2.20.0.jar;C:\Users\rityn\.m2\repository\org\slf4j\jul-to-slf4j\2.0.9\jul-to-slf4j-2.0.9.jar;C:\Users\rityn\.m2\repository\jakarta\annotation\jakarta.annotation-api\2.1.1\jakarta.annotation-api-2.1.1.jar;C:\Users\rityn\.m2\repository\org\yaml\snakeyaml\1.33\snakeyaml-1.33.jar;C:\Users\rityn\.m2\repository\org\springframework\boot\spring-boot-actuator-autoconfigure\3.1.5\spring-boot-actuator-autoconfigure-3.1.5.jar;C:\Users\rityn\.m2\repository\org\springframework\boot\spring-boot-actuator\3.1.5\spring-boot-actuator-3.1.5.jar;C:\Users\rityn\.m2\repository\com\fasterxml\jackson\datatype\jackson-datatype-jsr310\2.15.3\jackson-datatype-jsr310-2.15.3.jar;C:\Users\rityn\.m2\repository\io\micrometer\micrometer-observation\1.11.5\micrometer-observation-1.11.5.jar;C:\Users\rityn\.m2\repository\io\micrometer\micrometer-commons\1.11.5\micrometer-commons-1.11.5.jar;C:\Users\rityn\.m2\repository\io\micrometer\micrometer-core\1.11.5\micrometer-core-1.11.5.jar;C:\Users\rityn\.m2\repository\org\hdrhistogram\HdrHistogram\2.1.12\HdrHistogram-2.1.12.jar;C:\Users\rityn\.m2\repository\org\latencyutils\LatencyUtils\2.0.3\LatencyUtils-2.0.3.jar;C:\Users\rityn\.m2\repository\org\springframework\boot\spring-boot-starter-data-jpa\3.1.5\spring-boot-starter-data-jpa-3.1.5.jar;C:\Users\rityn\.m2\repository\org\springframework\boot\spring-boot-starter-aop\3.1.5\spring-boot-starter-aop-3.1.5.jar;C:\Users\rityn\.m2\repository\org\aspectj\aspectjweaver\1.9.20\aspectjweaver-1.9.20.jar;C:\Users\rityn\.m2\repository\org\springframework\boot\spring-boot-starter-jdbc\3.1.5\spring-boot-starter-jdbc-3.1.5.jar;C:\Users\rityn\.m2\repository\com\zaxxer\HikariCP\5.0.1\HikariCP-5.0.1.jar;C:\Users\rityn\.m2\repository\org\springframework\spring-jdbc\6.0.13\spring-jdbc-6.0.13.jar;C:\Users\rityn\.m2\repository\org\hibernate\orm\hibernate-core\6.2.13.Final\hibernate-core-6.2.13.Final.jar;C:\Users\rityn\.m2\repository\jakarta\persistence\jakarta.persistence-api\3.1.0\jakarta.persistence-api-3.1.0.jar;C:\Users\rityn\.m2\repository\jakarta\transaction\jakarta.transaction-api\2.0.1\jakarta.transaction-api-2.0.1.jar;C:\Users\rityn\.m2\repository\org\jboss\logging\jboss-logging\3.5.3.Final\jboss-logging-3.5.3.Final.jar;C:\Users\rityn\.m2\repository\org\hibernate\common\hibernate-commons-annotations\6.0.6.Final\hibernate-commons-annotations-6.0.6.Final.jar;C:\Users\rityn\.m2\repository\io\smallrye\jandex\3.0.5\jandex-3.0.5.jar;C:\Users\rityn\.m2\repository\com\fasterxml\classmate\1.5.1\classmate-1.5.1.jar;C:\Users\rityn\.m2\repository\net\bytebuddy\byte-buddy\1.14.9\byte-buddy-1.14.9.jar;C:\Users\rityn\.m2\repository\org\glassfish\jaxb\jaxb-runtime\4.0.3\jaxb-runtime-4.0.3.jar;C:\Users\rityn\.m2\repository\org\glassfish\jaxb\jaxb-core\4.0.3\jaxb-core-4.0.3.jar;C:\Users\rityn\.m2\repository\org\eclipse\angus\angus-activation\2.0.1\angus-activation-2.0.1.jar;C:\Users\rityn\.m2\repository\org\glassfish\jaxb\txw2\4.0.3\txw2-4.0.3.jar;C:\Users\rityn\.m2\repository\com\sun\istack\istack-commons-runtime\4.1.2\istack-commons-runtime-4.1.2.jar;C:\Users\rityn\.m2\repository\jakarta\inject\jakarta.inject-api\2.0.1\jakarta.inject-api-2.0.1.jar;C:\Users\rityn\.m2\repository\org\antlr\antlr4-runtime\4.10.1\antlr4-runtime-4.10.1.jar;C:\Users\rityn\.m2\repository\org\springframework\data\spring-data-jpa\3.1.5\spring-data-jpa-3.1.5.jar;C:\Users\rityn\.m2\repository\org\springframework\data\spring-data-commons\3.1.5\spring-data-commons-3.1.5.jar;C:\Users\rityn\.m2\repository\org\springframework\spring-orm\6.0.13\spring-orm-6.0.13.jar;C:\Users\rityn\.m2\repository\org\springframework\spring-context\6.0.13\spring-context-6.0.13.jar;C:\Users\rityn\.m2\repository\org\springframework\spring-tx\6.0.13\spring-tx-6.0.13.jar;C:\Users\rityn\.m2\repository\org\springframework\spring-beans\6.0.13\spring-beans-6.0.13.jar;C:\Users\rityn\.m2\repository\org\slf4j\slf4j-api\2.0.9\slf4j-api-2.0.9.jar;C:\Users\rityn\.m2\repository\org\springframework\spring-aspects\6.0.13\spring-aspects-6.0.13.jar;C:\Users\rityn\.m2\repository\org\springframework\boot\spring-boot-starter-security\3.1.5\spring-boot-starter-security-3.1.5.jar;C:\Users\rityn\.m2\repository\org\springframework\spring-aop\6.0.13\spring-aop-6.0.13.jar;C:\Users\rityn\.m2\repository\org\springframework\security\spring-security-config\6.1.5\spring-security-config-6.1.5.jar;C:\Users\rityn\.m2\repository\org\springframework\security\spring-security-web\6.1.5\spring-security-web-6.1.5.jar;C:\Users\rityn\.m2\repository\org\springframework\spring-expression\6.0.13\spring-expression-6.0.13.jar;C:\Users\rityn\.m2\repository\org\springframework\boot\spring-boot-starter-validation\3.1.5\spring-boot-starter-validation-3.1.5.jar;C:\Users\rityn\.m2\repository\org\apache\tomcat\embed\tomcat-embed-el\10.1.15\tomcat-embed-el-10.1.15.jar;C:\Users\rityn\.m2\repository\org\hibernate\validator\hibernate-validator\8.0.1.Final\hibernate-validator-8.0.1.Final.jar;C:\Users\rityn\.m2\repository\jakarta\validation\jakarta.validation-api\3.0.2\jakarta.validation-api-3.0.2.jar;C:\Users\rityn\.m2\repository\org\springframework\boot\spring-boot-starter-web\3.1.5\spring-boot-starter-web-3.1.5.jar;C:\Users\rityn\.m2\repository\org\springframework\boot\spring-boot-starter-json\3.1.5\spring-boot-starter-json-3.1.5.jar;C:\Users\rityn\.m2\repository\com\fasterxml\jackson\datatype\jackson-datatype-jdk8\2.15.3\jackson-datatype-jdk8-2.15.3.jar;C:\Users\rityn\.m2\repository\com\fasterxml\jackson\module\jackson-module-parameter-names\2.15.3\jackson-module-parameter-names-2.15.3.jar;C:\Users\rityn\.m2\repository\org\springframework\boot\spring-boot-starter-tomcat\3.1.5\spring-boot-starter-tomcat-3.1.5.jar;C:\Users\rityn\.m2\repository\org\apache\tomcat\embed\tomcat-embed-core\10.1.15\tomcat-embed-core-10.1.15.jar;C:\Users\rityn\.m2\repository\org\apache\tomcat\embed\tomcat-embed-websocket\10.1.15\tomcat-embed-websocket-10.1.15.jar;C:\Users\rityn\.m2\repository\org\springframework\spring-web\6.0.13\spring-web-6.0.13.jar;C:\Users\rityn\.m2\repository\org\springframework\spring-webmvc\6.0.13\spring-webmvc-6.0.13.jar;C:\Users\rityn\.m2\repository\org\postgresql\postgresql\42.6.0\postgresql-42.6.0.jar;C:\Users\rityn\.m2\repository\org\checkerframework\checker-qual\3.31.0\checker-qual-3.31.0.jar;C:\Users\rityn\.m2\repository\org\projectlombok\lombok\1.18.30\lombok-1.18.30.jar;C:\Users\rityn\.m2\repository\org\springframework\boot\spring-boot-starter-test\3.1.5\spring-boot-starter-test-3.1.5.jar;C:\Users\rityn\.m2\repository\org\springframework\boot\spring-boot-test\3.1.5\spring-boot-test-3.1.5.jar;C:\Users\rityn\.m2\repository\org\springframework\boot\spring-boot-test-autoconfigure\3.1.5\spring-boot-test-autoconfigure-3.1.5.jar;C:\Users\rityn\.m2\repository\com\jayway\jsonpath\json-path\2.8.0\json-path-2.8.0.jar;C:\Users\rityn\.m2\repository\jakarta\xml\bind\jakarta.xml.bind-api\4.0.1\jakarta.xml.bind-api-4.0.1.jar;C:\Users\rityn\.m2\repository\jakarta\activation\jakarta.activation-api\2.1.2\jakarta.activation-api-2.1.2.jar;C:\Users\rityn\.m2\repository\net\minidev\json-smart\2.4.11\json-smart-2.4.11.jar;C:\Users\rityn\.m2\repository\net\minidev\accessors-smart\2.4.11\accessors-smart-2.4.11.jar;C:\Users\rityn\.m2\repository\org\ow2\asm\asm\9.3\asm-9.3.jar;C:\Users\rityn\.m2\repository\org\assertj\assertj-core\3.24.2\assertj-core-3.24.2.jar;C:\Users\rityn\.m2\repository\org\hamcrest\hamcrest\2.2\hamcrest-2.2.jar;C:\Users\rityn\.m2\repository\org\junit\jupiter\junit-jupiter\5.9.3\junit-jupiter-5.9.3.jar;C:\Users\rityn\.m2\repository\org\junit\jupiter\junit-jupiter-api\5.9.3\junit-jupiter-api-5.9.3.jar;C:\Users\rityn\.m2\repository\org\opentest4j\opentest4j\1.2.0\opentest4j-1.2.0.jar;C:\Users\rityn\.m2\repository\org\junit\platform\junit-platform-commons\1.9.3\junit-platform-commons-1.9.3.jar;C:\Users\rityn\.m2\repository\org\apiguardian\apiguardian-api\1.1.2\apiguardian-api-1.1.2.jar;C:\Users\rityn\.m2\repository\org\junit\jupiter\junit-jupiter-params\5.9.3\junit-jupiter-params-5.9.3.jar;C:\Users\rityn\.m2\repository\org\junit\jupiter\junit-jupiter-engine\5.9.3\junit-jupiter-engine-5.9.3.jar;C:\Users\rityn\.m2\repository\org\junit\platform\junit-platform-engine\1.9.3\junit-platform-engine-1.9.3.jar;C:\Users\rityn\.m2\repository\org\mockito\mockito-core\5.3.1\mockito-core-5.3.1.jar;C:\Users\rityn\.m2\repository\net\bytebuddy\byte-buddy-agent\1.14.9\byte-buddy-agent-1.14.9.jar;C:\Users\rityn\.m2\repository\org\objenesis\objenesis\3.3\objenesis-3.3.jar;C:\Users\rityn\.m2\repository\org\mockito\mockito-junit-jupiter\5.3.1\mockito-junit-jupiter-5.3.1.jar;C:\Users\rityn\.m2\repository\org\skyscreamer\jsonassert\1.5.1\jsonassert-1.5.1.jar;C:\Users\rityn\.m2\repository\com\vaadin\external\google\android-json\0.0.20131108.vaadin1\android-json-0.0.20131108.vaadin1.jar;C:\Users\rityn\.m2\repository\org\springframework\spring-core\6.0.13\spring-core-6.0.13.jar;C:\Users\rityn\.m2\repository\org\springframework\spring-jcl\6.0.13\spring-jcl-6.0.13.jar;C:\Users\rityn\.m2\repository\org\springframework\spring-test\6.0.13\spring-test-6.0.13.jar;C:\Users\rityn\.m2\repository\org\xmlunit\xmlunit-core\2.9.1\xmlunit-core-2.9.1.jar;C:\Users\rityn\.m2\repository\org\springframework\security\spring-security-test\6.1.5\spring-security-test-6.1.5.jar;C:\Users\rityn\.m2\repository\org\springframework\security\spring-security-core\6.1.5\spring-security-core-6.1.5.jar;C:\Users\rityn\.m2\repository\org\springframework\security\spring-security-crypto\6.1.5\spring-security-crypto-6.1.5.jar;C:\Users\rityn\.m2\repository\io\jsonwebtoken\jjwt-api\0.12.6\jjwt-api-0.12.6.jar;C:\Users\rityn\.m2\repository\io\jsonwebtoken\jjwt-impl\0.12.6\jjwt-impl-0.12.6.jar;C:\Users\rityn\.m2\repository\io\jsonwebtoken\jjwt-jackson\0.12.6\jjwt-jackson-0.12.6.jar;C:\Users\rityn\.m2\repository\com\cloudinary\cloudinary-http44\1.33.0\cloudinary-http44-1.33.0.jar;C:\Users\rityn\.m2\repository\com\cloudinary\cloudinary-core\1.33.0\cloudinary-core-1.33.0.jar;C:\Users\rityn\.m2\repository\org\apache\commons\commons-lang3\3.12.0\commons-lang3-3.12.0.jar;C:\Users\rityn\.m2\repository\org\apache\httpcomponents\httpclient\4.4\httpclient-4.4.jar;C:\Users\rityn\.m2\repository\org\apache\httpcomponents\httpcore\4.4.16\httpcore-4.4.16.jar;C:\Users\rityn\.m2\repository\commons-logging\commons-logging\1.2\commons-logging-1.2.jar;C:\Users\rityn\.m2\repository\commons-codec\commons-codec\1.15\commons-codec-1.15.jar;C:\Users\rityn\.m2\repository\org\apache\httpcomponents\httpmime\4.4\httpmime-4.4.jar;C:\Users\rityn\.m2\repository\com\fasterxml\jackson\core\jackson-databind\2.15.3\jackson-databind-2.15.3.jar;C:\Users\rityn\.m2\repository\com\fasterxml\jackson\core\jackson-annotations\2.15.3\jackson-annotations-2.15.3.jar;C:\Users\rityn\.m2\repository\com\fasterxml\jackson\core\jackson-core\2.15.3\jackson-core-2.15.3.jar;C:\Users\rityn\.m2\repository\org\springframework\boot\spring-boot-starter-data-redis\3.1.5\spring-boot-starter-data-redis-3.1.5.jar;C:\Users\rityn\.m2\repository\org\springframework\data\spring-data-redis\3.1.5\spring-data-redis-3.1.5.jar;C:\Users\rityn\.m2\repository\org\springframework\data\spring-data-keyvalue\3.1.5\spring-data-keyvalue-3.1.5.jar;C:\Users\rityn\.m2\repository\org\springframework\spring-oxm\6.0.13\spring-oxm-6.0.13.jar;C:\Users\rityn\.m2\repository\org\springframework\spring-context-support\6.0.13\spring-context-support-6.0.13.jar;C:\Users\rityn\.m2\repository\io\lettuce\lettuce-core\6.2.6.RELEASE\lettuce-core-6.2.6.RELEASE.jar;C:\Users\rityn\.m2\repository\io\netty\netty-common\4.1.100.Final\netty-common-4.1.100.Final.jar;C:\Users\rityn\.m2\repository\io\netty\netty-handler\4.1.100.Final\netty-handler-4.1.100.Final.jar;C:\Users\rityn\.m2\repository\io\netty\netty-resolver\4.1.100.Final\netty-resolver-4.1.100.Final.jar;C:\Users\rityn\.m2\repository\io\netty\netty-buffer\4.1.100.Final\netty-buffer-4.1.100.Final.jar;C:\Users\rityn\.m2\repository\io\netty\netty-transport-native-unix-common\4.1.100.Final\netty-transport-native-unix-common-4.1.100.Final.jar;C:\Users\rityn\.m2\repository\io\netty\netty-codec\4.1.100.Final\netty-codec-4.1.100.Final.jar;C:\Users\rityn\.m2\repository\io\netty\netty-transport\4.1.100.Final\netty-transport-4.1.100.Final.jar;C:\Users\rityn\.m2\repository\io\projectreactor\reactor-core\3.5.11\reactor-core-3.5.11.jar;C:\Users\rityn\.m2\repository\org\reactivestreams\reactive-streams\1.0.4\reactive-streams-1.0.4.jar;C:\Users\rityn\.m2\repository\com\h2database\h2\2.1.214\h2-2.1.214.jar;C:\Users\rityn\.m2\repository\org\springdoc\springdoc-openapi-starter-webmvc-ui\2.1.0\springdoc-openapi-starter-webmvc-ui-2.1.0.jar;C:\Users\rityn\.m2\repository\org\springdoc\springdoc-openapi-starter-webmvc-api\2.1.0\springdoc-openapi-starter-webmvc-api-2.1.0.jar;C:\Users\rityn\.m2\repository\org\springdoc\springdoc-openapi-starter-common\2.1.0\springdoc-openapi-starter-common-2.1.0.jar;C:\Users\rityn\.m2\repository\io\swagger\core\v3\swagger-core-jakarta\2.2.9\swagger-core-jakarta-2.2.9.jar;C:\Users\rityn\.m2\repository\io\swagger\core\v3\swagger-annotations-jakarta\2.2.9\swagger-annotations-jakarta-2.2.9.jar;C:\Users\rityn\.m2\repository\io\swagger\core\v3\swagger-models-jakarta\2.2.9\swagger-models-jakarta-2.2.9.jar;C:\Users\rityn\.m2\repository\com\fasterxml\jackson\dataformat\jackson-dataformat-yaml\2.15.3\jackson-dataformat-yaml-2.15.3.jar;C:\Users\rityn\.m2\repository\org\webjars\swagger-ui\4.18.2\swagger-ui-4.18.2.jar;C:\Users\rityn\.m2\repository\org\springdoc\springdoc-openapi-ui\1.6.14\springdoc-openapi-ui-1.6.14.jar;C:\Users\rityn\.m2\repository\org\springdoc\springdoc-openapi-webmvc-core\1.6.14\springdoc-openapi-webmvc-core-1.6.14.jar;C:\Users\rityn\.m2\repository\org\springdoc\springdoc-openapi-common\1.6.14\springdoc-openapi-common-1.6.14.jar;C:\Users\rityn\.m2\repository\io\swagger\core\v3\swagger-core\2.2.7\swagger-core-2.2.7.jar;C:\Users\rityn\.m2\repository\io\swagger\core\v3\swagger-annotations\2.2.7\swagger-annotations-2.2.7.jar;C:\Users\rityn\.m2\repository\io\swagger\core\v3\swagger-models\2.2.7\swagger-models-2.2.7.jar;C:\Users\rityn\.m2\repository\org\webjars\webjars-locator-core\0.52\webjars-locator-core-0.52.jar;C:\Users\rityn\.m2\repository\io\github\classgraph\classgraph\4.8.149\classgraph-4.8.149.jar;"/>
    <property name="sun.cpu.endian" value="little"/>
    <property name="user.home" value="C:\Users\rityn"/>
    <property name="user.language" value="pt"/>
    <property name="java.specification.vendor" value="Oracle Corporation"/>
    <property name="java.version.date" value="2023-10-17"/>
    <property name="java.home" value="C:\Program Files\Java\jdk-17"/>
    <property name="file.separator" value="\"/>
    <property name="basedir" value="C:\Users\rityn\Desktop\API_Carvalho_Atelie\CarvalhoAtelie_API_ADM"/>
    <property name="java.vm.compressedOopsMode" value="Zero based"/>
    <property name="line.separator" value="&#10;"/>
    <property name="java.vm.specification.vendor" value="Oracle Corporation"/>
    <property name="java.specification.name" value="Java Platform API Specification"/>
    <property name="FILE_LOG_CHARSET" value="windows-1252"/>
    <property name="java.awt.headless" value="true"/>
    <property name="surefire.real.class.path" value="C:\Users\rityn\AppData\Local\Temp\surefire4851443055650034272\surefirebooter-20240929194054081_3.jar"/>
    <property name="user.script" value=""/>
    <property name="sun.management.compiler" value="HotSpot 64-Bit Tiered Compilers"/>
    <property name="java.runtime.version" value="17.0.9+11-LTS-201"/>
    <property name="user.name" value="rityn"/>
    <property name="path.separator" value=";"/>
    <property name="os.version" value="10.0"/>
    <property name="java.runtime.name" value="Java(TM) SE Runtime Environment"/>
    <property name="file.encoding" value="Cp1252"/>
    <property name="java.vm.name" value="Java HotSpot(TM) 64-Bit Server VM"/>
    <property name="localRepository" value="C:\Users\rityn\.m2\repository"/>
    <property name="java.vendor.url.bug" value="https://bugreport.java.com/bugreport/"/>
    <property name="java.io.tmpdir" value="C:\Users\rityn\AppData\Local\Temp\"/>
    <property name="com.zaxxer.hikari.pool_number" value="1"/>
    <property name="java.version" value="17.0.9"/>
    <property name="user.dir" value="C:\Users\rityn\Desktop\API_Carvalho_Atelie\CarvalhoAtelie_API_ADM"/>
    <property name="os.arch" value="amd64"/>
    <property name="java.vm.specification.name" value="Java Virtual Machine Specification"/>
    <property name="PID" value="9112"/>
    <property name="sun.os.patch.level" value=""/>
    <property name="CONSOLE_LOG_CHARSET" value="windows-1252"/>
    <property name="native.encoding" value="Cp1252"/>
    <property name="java.library.path" value="C:\Program Files\Java\jdk-17\bin;C:\Windows\Sun\Java\bin;C:\Windows\system32;C:\Windows;C:\Program Files\Git\mingw64\bin;C:\Program Files\Git\usr\bin;C:\Users\rityn\bin;C:\Program Files (x86)\Common Files\Oracle\Java\javapath;C:\app\rityn\product\21c\dbhomeXE\bin;C:\Program Files\Java\jdk-17\bin;C:\Program Files\Common Files\Oracle\Java\javapath;C:\Windows\system32;C:\Windows;C:\Windows\System32\Wbem;C:\Windows\System32\WindowsPowerShell\v1.0;C:\Windows\System32\OpenSSH;C:\Program Files\dotnet;C:\Program Files\NVIDIA Corporation\NVIDIA NvDLISR;C:\Program Files\Java\jdk-17\bin;C:\Users\rityn\Downloads\apache-maven-3.8.6-bin;C:\Program Files (x86)\NVIDIA Corporation\PhysX\Common;C:\maven\bin;C:\Program Files\Git\cmd;C:\Users\rityn\AppData\Local\Android\Sdk\tools;C:\Users\rityn\AppData\Local\Android\Sdk\platform-tools;C:\Program Files\Docker\Docker\resources\bin;C:\Program Files\nodejs;.;C:\Redis&quot;;C:\Program Files\MySQL\MySQL Shell 8.0\bin;C:\Users\rityn\AppData\Local\Microsoft\WindowsApps;C:\Users\rityn\AppData\Local\Programs\Microsoft VS Code\bin;C:\Program Files\JetBrains\IntelliJ IDEA Community Edition 2023.2.5\bin;C:\maven\bin;C:\Program Files\JetBrains\IntelliJ IDEA 2024.1.4\bin;C:\Program Files\JetBrains\IntelliJ IDEA Educational Edition 2022.2.2\bin;C:\Program Files\JetBrains\PyCharm 2023.3.4\bin;C:\Users\rityn\php\php-8.3.8;C:\Users\rityn\AppData\Local\Android\Sdk\tools;C:\Users\rityn\AppData\Local\Android\Sdk\platform-tools;C:\Users\rityn\AppData\Roaming\npm;."/>
    <property name="java.vm.info" value="mixed mode, sharing"/>
    <property name="java.vendor" value="Oracle Corporation"/>
    <property name="java.vm.version" value="17.0.9+11-LTS-201"/>
    <property name="sun.io.unicode.encoding" value="UnicodeLittle"/>
    <property name="java.class.version" value="61.0"/>
  </properties>
  <testcase name="deveListarProdutosDisponiveisPorNome" classname="br.com.carvalho.CarvalhoAtelieAdm.repository.ProdutoRepositoryIntegrationTest" time="0.566">
    <system-out><![CDATA[19:40:55.127 [main] INFO org.springframework.test.context.support.AnnotationConfigContextLoaderUtils -- Could not detect default configuration classes for test class [br.com.carvalho.CarvalhoAtelieAdm.repository.ProdutoRepositoryIntegrationTest]: ProdutoRepositoryIntegrationTest does not declare any static, non-private, non-final, nested classes annotated with @Configuration.
19:40:55.284 [main] INFO org.springframework.boot.test.context.SpringBootTestContextBootstrapper -- Found @SpringBootConfiguration br.com.carvalho.CarvalhoAtelieAdm.CarvalhoAtelieAdm for test class br.com.carvalho.CarvalhoAtelieAdm.repository.ProdutoRepositoryIntegrationTest

  .   ____          _            __ _ _
 /\\ / ___'_ __ _ _(_)_ __  __ _ \ \ \ \
( ( )\___ | '_ | '_| | '_ \/ _` | \ \ \ \
 \\/  ___)| |_)| | | | | || (_| |  ) ) ) )
  '  |____| .__|_| |_|_| |_\__, | / / / /
 =========|_|==============|___/=/_/_/_/
 :: Spring Boot ::                (v3.1.5)

2024-09-29T19:40:55.701-03:00  INFO 9112 --- [           main] c.c.C.r.ProdutoRepositoryIntegrationTest : Starting ProdutoRepositoryIntegrationTest using Java 17.0.9 with PID 9112 (started by rityn in C:\Users\rityn\Desktop\API_Carvalho_Atelie\CarvalhoAtelie_API_ADM)
2024-09-29T19:40:55.702-03:00 DEBUG 9112 --- [           main] c.c.C.r.ProdutoRepositoryIntegrationTest : Running with Spring Boot v3.1.5, Spring v6.0.13
2024-09-29T19:40:55.702-03:00  INFO 9112 --- [           main] c.c.C.r.ProdutoRepositoryIntegrationTest : The following 1 profile is active: "test"
2024-09-29T19:40:56.089-03:00  INFO 9112 --- [           main] .s.d.r.c.RepositoryConfigurationDelegate : Multiple Spring Data modules found, entering strict repository configuration mode
2024-09-29T19:40:56.090-03:00  INFO 9112 --- [           main] .s.d.r.c.RepositoryConfigurationDelegate : Bootstrapping Spring Data JPA repositories in DEFAULT mode.
2024-09-29T19:40:56.231-03:00  INFO 9112 --- [           main] .s.d.r.c.RepositoryConfigurationDelegate : Finished Spring Data repository scanning in 133 ms. Found 2 JPA repository interfaces.
2024-09-29T19:40:56.543-03:00  INFO 9112 --- [           main] o.hibernate.jpa.internal.util.LogHelper  : HHH000204: Processing PersistenceUnitInfo [name: default]
2024-09-29T19:40:56.588-03:00  INFO 9112 --- [           main] org.hibernate.Version                    : HHH000412: Hibernate ORM core version 6.2.13.Final
2024-09-29T19:40:56.589-03:00  INFO 9112 --- [           main] org.hibernate.cfg.Environment            : HHH000406: Using bytecode reflection optimizer
2024-09-29T19:40:56.838-03:00  INFO 9112 --- [           main] o.s.o.j.p.SpringPersistenceUnitInfo      : No LoadTimeWeaver setup: ignoring JPA class transformer
2024-09-29T19:40:56.865-03:00  INFO 9112 --- [           main] com.zaxxer.hikari.HikariDataSource       : HikariPool-1 - Starting...
2024-09-29T19:40:57.040-03:00  INFO 9112 --- [           main] com.zaxxer.hikari.pool.HikariPool        : HikariPool-1 - Added connection conn0: url=jdbc:h2:mem:testdb user=SA
2024-09-29T19:40:57.041-03:00  INFO 9112 --- [           main] com.zaxxer.hikari.HikariDataSource       : HikariPool-1 - Start completed.
2024-09-29T19:40:57.062-03:00  WARN 9112 --- [           main] org.hibernate.orm.deprecation            : HHH90000025: H2Dialect does not need to be specified explicitly using 'hibernate.dialect' (remove the property setting and it will be selected by default)
2024-09-29T19:40:57.615-03:00  INFO 9112 --- [           main] o.h.e.t.j.p.i.JtaPlatformInitiator       : HHH000489: No JTA platform available (set 'hibernate.transaction.jta.platform' to enable JTA platform integration)
2024-09-29T19:40:57.626-03:00 DEBUG 9112 --- [           main] org.hibernate.SQL                        : 
    drop table if exists produto cascade 
Hibernate: 
    drop table if exists produto cascade 
2024-09-29T19:40:57.631-03:00 DEBUG 9112 --- [           main] org.hibernate.SQL                        : 
    drop table if exists usuario cascade 
Hibernate: 
    drop table if exists usuario cascade 
2024-09-29T19:40:57.640-03:00 DEBUG 9112 --- [           main] org.hibernate.SQL                        : 
    create table produto (
        disponivel boolean not null,
        porcentagem_desconto DECIMAL(19,2) DEFAULT 0.00,
        preco_produto numeric(38,2),
        quantidade_produto numeric(38,2),
        id_produto bigint generated by default as identity,
        categoria varchar(255) check (categoria in ('ANIMAIS','ACESSORIOS_PARA_PET','BONECAS','CAMAS_DE_GATO','INSETOS','MINIATURAS','NANINHAS','NATALINOS','PAINEIS')),
        descricao_produto varchar(255),
        imagem_produto1 varchar(255),
        imagem_produto2 varchar(255),
        imagem_produto3 varchar(255),
        imagem_produto4 varchar(255),
        nome_produto varchar(255),
        primary key (id_produto)
    )
Hibernate: 
    create table produto (
        disponivel boolean not null,
        porcentagem_desconto DECIMAL(19,2) DEFAULT 0.00,
        preco_produto numeric(38,2),
        quantidade_produto numeric(38,2),
        id_produto bigint generated by default as identity,
        categoria varchar(255) check (categoria in ('ANIMAIS','ACESSORIOS_PARA_PET','BONECAS','CAMAS_DE_GATO','INSETOS','MINIATURAS','NANINHAS','NATALINOS','PAINEIS')),
        descricao_produto varchar(255),
        imagem_produto1 varchar(255),
        imagem_produto2 varchar(255),
        imagem_produto3 varchar(255),
        imagem_produto4 varchar(255),
        nome_produto varchar(255),
        primary key (id_produto)
    )
2024-09-29T19:40:57.648-03:00 DEBUG 9112 --- [           main] org.hibernate.SQL                        : 
    create table usuario (
        id bigint generated by default as identity,
        email varchar(255),
        imagem_perfil varchar(255),
        nome_completo varchar(255),
        senha varchar(255),
        primary key (id)
    )
Hibernate: 
    create table usuario (
        id bigint generated by default as identity,
        email varchar(255),
        imagem_perfil varchar(255),
        nome_completo varchar(255),
        senha varchar(255),
        primary key (id)
    )
2024-09-29T19:40:57.651-03:00  INFO 9112 --- [           main] j.LocalContainerEntityManagerFactoryBean : Initialized JPA EntityManagerFactory for persistence unit 'default'
2024-09-29T19:40:57.946-03:00  INFO 9112 --- [           main] o.s.d.j.r.query.QueryEnhancerFactory     : Hibernate is in classpath; If applicable, HQL parser will be used.
2024-09-29T19:40:58.661-03:00  INFO 9112 --- [           main] c.c.C.r.ProdutoRepositoryIntegrationTest : Started ProdutoRepositoryIntegrationTest in 3.324 seconds (process running for 4.472)
2024-09-29T19:40:59.193-03:00 DEBUG 9112 --- [           main] org.hibernate.SQL                        : 
    select
        p1_0.id_produto,
        p1_0.nome_produto,
        p1_0.preco_produto,
        p1_0.categoria,
        round((p1_0.preco_produto*(1-(p1_0.porcentagem_desconto/100))),2),
        p1_0.porcentagem_desconto,
        p1_0.imagem_produto1,
        p1_0.imagem_produto2,
        p1_0.imagem_produto3,
        p1_0.imagem_produto4,
        p1_0.disponivel 
    from
        produto p1_0 
    where
        p1_0.disponivel=true 
    order by
        p1_0.nome_produto 
    offset
        ? rows 
    fetch
        first ? rows only
Hibernate: 
    select
        p1_0.id_produto,
        p1_0.nome_produto,
        p1_0.preco_produto,
        p1_0.categoria,
        round((p1_0.preco_produto*(1-(p1_0.porcentagem_desconto/100))),2),
        p1_0.porcentagem_desconto,
        p1_0.imagem_produto1,
        p1_0.imagem_produto2,
        p1_0.imagem_produto3,
        p1_0.imagem_produto4,
        p1_0.disponivel 
    from
        produto p1_0 
    where
        p1_0.disponivel=true 
    order by
        p1_0.nome_produto 
    offset
        ? rows 
    fetch
        first ? rows only
2024-09-29T19:40:59.202-03:00 TRACE 9112 --- [           main] org.hibernate.orm.jdbc.bind              : binding parameter [1] as [INTEGER] - [0]
2024-09-29T19:40:59.202-03:00 TRACE 9112 --- [           main] org.hibernate.orm.jdbc.bind              : binding parameter [2] as [INTEGER] - [10]
]]></system-out>
  </testcase>
  <testcase name="deveOrdenarProdutosPorPreco" classname="br.com.carvalho.CarvalhoAtelieAdm.repository.ProdutoRepositoryIntegrationTest" time="0.026">
    <system-out><![CDATA[2024-09-29T19:40:59.254-03:00 DEBUG 9112 --- [           main] org.hibernate.SQL                        : 
    select
        p1_0.id_produto,
        p1_0.nome_produto,
        p1_0.preco_produto,
        p1_0.categoria,
        round((p1_0.preco_produto*(1-(p1_0.porcentagem_desconto/100))),2),
        p1_0.porcentagem_desconto,
        p1_0.imagem_produto1,
        p1_0.imagem_produto2,
        p1_0.imagem_produto3,
        p1_0.imagem_produto4,
        p1_0.disponivel 
    from
        produto p1_0 
    where
        p1_0.disponivel=true 
        and lower(p1_0.nome_produto) like lower(('%'||?||'%')) escape '' 
    order by
        p1_0.preco_produto 
    offset
        ? rows 
    fetch
        first ? rows only
Hibernate: 
    select
        p1_0.id_produto,
        p1_0.nome_produto,
        p1_0.preco_produto,
        p1_0.categoria,
        round((p1_0.preco_produto*(1-(p1_0.porcentagem_desconto/100))),2),
        p1_0.porcentagem_desconto,
        p1_0.imagem_produto1,
        p1_0.imagem_produto2,
        p1_0.imagem_produto3,
        p1_0.imagem_produto4,
        p1_0.disponivel 
    from
        produto p1_0 
    where
        p1_0.disponivel=true 
        and lower(p1_0.nome_produto) like lower(('%'||?||'%')) escape '' 
    order by
        p1_0.preco_produto 
    offset
        ? rows 
    fetch
        first ? rows only
2024-09-29T19:40:59.256-03:00 TRACE 9112 --- [           main] org.hibernate.orm.jdbc.bind              : binding parameter [1] as [VARCHAR] - [Produto]
2024-09-29T19:40:59.256-03:00 TRACE 9112 --- [           main] org.hibernate.orm.jdbc.bind              : binding parameter [2] as [INTEGER] - [0]
2024-09-29T19:40:59.257-03:00 TRACE 9112 --- [           main] org.hibernate.orm.jdbc.bind              : binding parameter [3] as [INTEGER] - [10]
]]></system-out>
  </testcase>
  <testcase name="deveListarProdutosDisponiveisPorPreco" classname="br.com.carvalho.CarvalhoAtelieAdm.repository.ProdutoRepositoryIntegrationTest" time="0.011">
    <system-out><![CDATA[2024-09-29T19:40:59.270-03:00 DEBUG 9112 --- [           main] org.hibernate.SQL                        : 
    select
        p1_0.id_produto,
        p1_0.nome_produto,
        p1_0.preco_produto,
        p1_0.categoria,
        round((p1_0.preco_produto*(1-(p1_0.porcentagem_desconto/100))),2),
        p1_0.porcentagem_desconto,
        p1_0.imagem_produto1,
        p1_0.imagem_produto2,
        p1_0.imagem_produto3,
        p1_0.imagem_produto4,
        p1_0.disponivel 
    from
        produto p1_0 
    where
        p1_0.disponivel=true 
    order by
        (p1_0.preco_produto*(1-(p1_0.porcentagem_desconto/100))) 
    offset
        ? rows 
    fetch
        first ? rows only
Hibernate: 
    select
        p1_0.id_produto,
        p1_0.nome_produto,
        p1_0.preco_produto,
        p1_0.categoria,
        round((p1_0.preco_produto*(1-(p1_0.porcentagem_desconto/100))),2),
        p1_0.porcentagem_desconto,
        p1_0.imagem_produto1,
        p1_0.imagem_produto2,
        p1_0.imagem_produto3,
        p1_0.imagem_produto4,
        p1_0.disponivel 
    from
        produto p1_0 
    where
        p1_0.disponivel=true 
    order by
        (p1_0.preco_produto*(1-(p1_0.porcentagem_desconto/100))) 
    offset
        ? rows 
    fetch
        first ? rows only
2024-09-29T19:40:59.271-03:00 TRACE 9112 --- [           main] org.hibernate.orm.jdbc.bind              : binding parameter [1] as [INTEGER] - [0]
2024-09-29T19:40:59.271-03:00 TRACE 9112 --- [           main] org.hibernate.orm.jdbc.bind              : binding parameter [2] as [INTEGER] - [10]
]]></system-out>
  </testcase>
  <testcase name="deveListarTodosProdutos" classname="br.com.carvalho.CarvalhoAtelieAdm.repository.ProdutoRepositoryIntegrationTest" time="0.019">
    <system-out><![CDATA[2024-09-29T19:40:59.282-03:00 DEBUG 9112 --- [           main] org.hibernate.SQL                        : 
    select
        p1_0.id_produto,
        p1_0.nome_produto,
        p1_0.preco_produto,
        p1_0.categoria,
        round((p1_0.preco_produto*(1-(p1_0.porcentagem_desconto/100))),2),
        p1_0.porcentagem_desconto,
        p1_0.imagem_produto1,
        p1_0.imagem_produto2,
        p1_0.imagem_produto3,
        p1_0.imagem_produto4,
        p1_0.disponivel 
    from
        produto p1_0 
    order by
        p1_0.disponivel desc 
    offset
        ? rows 
    fetch
        first ? rows only
Hibernate: 
    select
        p1_0.id_produto,
        p1_0.nome_produto,
        p1_0.preco_produto,
        p1_0.categoria,
        round((p1_0.preco_produto*(1-(p1_0.porcentagem_desconto/100))),2),
        p1_0.porcentagem_desconto,
        p1_0.imagem_produto1,
        p1_0.imagem_produto2,
        p1_0.imagem_produto3,
        p1_0.imagem_produto4,
        p1_0.disponivel 
    from
        produto p1_0 
    order by
        p1_0.disponivel desc 
    offset
        ? rows 
    fetch
        first ? rows only
2024-09-29T19:40:59.283-03:00 TRACE 9112 --- [           main] org.hibernate.orm.jdbc.bind              : binding parameter [1] as [INTEGER] - [0]
2024-09-29T19:40:59.283-03:00 TRACE 9112 --- [           main] org.hibernate.orm.jdbc.bind              : binding parameter [2] as [INTEGER] - [10]
]]></system-out>
  </testcase>
  <testcase name="deveRetornarPaginaVaziaQuandoNenhumProdutoCorresponder" classname="br.com.carvalho.CarvalhoAtelieAdm.repository.ProdutoRepositoryIntegrationTest" time="0.011">
    <system-out><![CDATA[2024-09-29T19:40:59.302-03:00 DEBUG 9112 --- [           main] org.hibernate.SQL                        : 
    select
        p1_0.id_produto,
        p1_0.nome_produto,
        p1_0.preco_produto,
        p1_0.categoria,
        round((p1_0.preco_produto*(1-(p1_0.porcentagem_desconto/100))),2),
        p1_0.porcentagem_desconto,
        p1_0.imagem_produto1,
        p1_0.imagem_produto2,
        p1_0.imagem_produto3,
        p1_0.imagem_produto4,
        p1_0.disponivel 
    from
        produto p1_0 
    where
        p1_0.disponivel=true 
        and lower(p1_0.nome_produto) like lower(('%'||?||'%')) escape '' 
    offset
        ? rows 
    fetch
        first ? rows only
Hibernate: 
    select
        p1_0.id_produto,
        p1_0.nome_produto,
        p1_0.preco_produto,
        p1_0.categoria,
        round((p1_0.preco_produto*(1-(p1_0.porcentagem_desconto/100))),2),
        p1_0.porcentagem_desconto,
        p1_0.imagem_produto1,
        p1_0.imagem_produto2,
        p1_0.imagem_produto3,
        p1_0.imagem_produto4,
        p1_0.disponivel 
    from
        produto p1_0 
    where
        p1_0.disponivel=true 
        and lower(p1_0.nome_produto) like lower(('%'||?||'%')) escape '' 
    offset
        ? rows 
    fetch
        first ? rows only
2024-09-29T19:40:59.302-03:00 TRACE 9112 --- [           main] org.hibernate.orm.jdbc.bind              : binding parameter [1] as [VARCHAR] - [ProdutoInexistente]
2024-09-29T19:40:59.303-03:00 TRACE 9112 --- [           main] org.hibernate.orm.jdbc.bind              : binding parameter [2] as [INTEGER] - [0]
2024-09-29T19:40:59.303-03:00 TRACE 9112 --- [           main] org.hibernate.orm.jdbc.bind              : binding parameter [3] as [INTEGER] - [10]
]]></system-out>
  </testcase>
  <testcase name="deveEncontrarProdutoPorId" classname="br.com.carvalho.CarvalhoAtelieAdm.repository.ProdutoRepositoryIntegrationTest" time="0.035">
    <system-out><![CDATA[2024-09-29T19:40:59.332-03:00 DEBUG 9112 --- [           main] org.hibernate.SQL                        : 
    select
        p1_0.id_produto,
        p1_0.categoria,
        p1_0.descricao_produto,
        p1_0.disponivel,
        p1_0.imagem_produto1,
        p1_0.imagem_produto2,
        p1_0.imagem_produto3,
        p1_0.imagem_produto4,
        p1_0.nome_produto,
        p1_0.porcentagem_desconto,
        p1_0.preco_produto,
        p1_0.quantidade_produto 
    from
        produto p1_0 
    where
        p1_0.id_produto=?
Hibernate: 
    select
        p1_0.id_produto,
        p1_0.categoria,
        p1_0.descricao_produto,
        p1_0.disponivel,
        p1_0.imagem_produto1,
        p1_0.imagem_produto2,
        p1_0.imagem_produto3,
        p1_0.imagem_produto4,
        p1_0.nome_produto,
        p1_0.porcentagem_desconto,
        p1_0.preco_produto,
        p1_0.quantidade_produto 
    from
        produto p1_0 
    where
        p1_0.id_produto=?
2024-09-29T19:40:59.333-03:00 TRACE 9112 --- [           main] org.hibernate.orm.jdbc.bind              : binding parameter [1] as [BIGINT] - [1]
]]></system-out>
  </testcase>
</testsuite>